2025-02-28 18:47:40,024 - WARNING - Not Found: /
2025-02-28 18:47:40,454 - WARNING - Not Found: /favicon.ico
2025-02-28 18:47:50,021 - WARNING - Not Found: /api/nmap/
2025-02-28 18:47:57,522 - WARNING - Method Not Allowed (GET): /api/nmap/scan_vulnerability/
2025-02-28 18:49:28,691 - ERROR - Internal Server Error: /api/nmap/scan_vulnerability/
2025-02-28 18:50:24,121 - ERROR - Internal Server Error: /api/nmap/scan_vulnerability/
2025-02-28 18:51:16,252 - INFO - /app/AaaSLabs/urls.py changed, reloading.
2025-02-28 18:53:19,963 - INFO - /app/ZeroVuln/views.py changed, reloading.
2025-02-28 18:53:26,235 - INFO - /app/ZeroVuln/urls.py changed, reloading.
2025-02-28 18:53:30,110 - INFO - /app/ZeroVuln/urls.py changed, reloading.
2025-02-28 18:54:01,290 - INFO - /app/Gobuster/urls.py changed, reloading.
2025-02-28 18:54:22,440 - INFO - /app/Gobuster/views.py changed, reloading.
2025-02-28 18:55:54,696 - WARNING - Not Found: /api/nmap/scan_vulnerability/
2025-02-28 18:55:59,457 - WARNING - Not Found: /api/
2025-02-28 18:56:06,712 - WARNING - Not Found: /api/gobuster/
2025-02-28 18:56:27,650 - INFO - /app/Gobuster/urls.py changed, reloading.
2025-02-28 18:56:30,305 - WARNING - Not Found: /api/gobuster/
2025-02-28 18:56:45,256 - ERROR - Internal Server Error: /api/gobuster/scan/
2025-02-28 19:27:45,396 - ERROR - Internal Server Error: /api/gobuster/scan/
2025-03-04 14:23:32,265 - ERROR - Internal Server Error: /api/gobuster/scan/
2025-03-04 14:38:50,287 - INFO - /app/Gobuster/views.py changed, reloading.
2025-03-04 14:39:09,644 - INFO - Starting vulnerability scan for https://prostructengineering.com/
2025-03-04 14:39:09,648 - INFO - Running Gobuster for https://prostructengineering.com/
2025-03-04 14:39:09,746 - ERROR - Gobuster scan failed: Error: error on parsing arguments: wordlist file "/usr/share/wordlists/dirbuster/directory-list-2.3-small.txt" does not exist: stat /usr/share/wordlists/dirbuster/directory-list-2.3-small.txt: no such file or directory

2025-03-04 14:39:09,747 - INFO - Vulnerability scan completed successfully
2025-03-04 14:40:48,206 - INFO - /app/Gobuster/views.py changed, reloading.
2025-03-04 14:40:57,311 - INFO - Starting vulnerability scan for https://prostructengineering.com/
2025-03-04 14:40:57,313 - INFO - Running Gobuster for https://prostructengineering.com/
2025-03-04 14:42:33,314 - INFO - Vulnerability scan completed successfully
2025-03-04 14:43:59,781 - INFO - Starting vulnerability scan for https://prostructengineering.com/
2025-03-04 14:43:59,781 - INFO - Running Gobuster for https://prostructengineering.com/
2025-03-04 14:45:32,792 - INFO - Running Nikto scan
2025-03-04 14:45:32,795 - INFO - Running Nikto scan on https://prostructengineering.com/
2025-03-04 14:45:33,433 - WARNING - Nikto returned non-JSON output
2025-03-04 14:45:33,434 - INFO - Running Nmap scan
2025-03-04 14:47:41,015 - INFO - Running WPScan
2025-03-04 14:47:50,656 - INFO - Vulnerability scan completed successfully
2025-03-04 15:13:11,074 - INFO - /app/Gobuster/views.py changed, reloading.
2025-03-04 15:13:14,400 - INFO - /app/Gobuster/views.py changed, reloading.
2025-03-04 15:13:26,024 - INFO - Starting vulnerability scan for https://prostructengineering.com/
2025-03-04 15:13:26,027 - INFO - Running Gobuster for https://prostructengineering.com/
2025-03-04 15:14:59,325 - INFO - Running Nikto scan
2025-03-04 15:14:59,325 - INFO - Running Nikto scan on https://prostructengineering.com/
2025-03-04 15:14:59,678 - WARNING - Failed to read Nikto output: Expecting value: line 1 column 1 (char 0)
2025-03-04 15:14:59,679 - INFO - Running Nmap scan
2025-03-04 15:18:17,595 - INFO - Running WPScan
2025-03-04 15:19:13,523 - INFO - Vulnerability scan completed successfully
2025-03-04 15:46:09,652 - INFO - Starting vulnerability scan for https://tbbox.me/
2025-03-04 15:46:09,659 - INFO - Running Gobuster for https://tbbox.me/
2025-03-04 15:46:10,684 - ERROR - Gobuster scan failed: Error: the server returns a status code that matches the provided options for non existing urls. https://tbbox.me/4f72e603-5bf1-4fbf-af1b-967d5e0c6d4d => 200 (Length: 5198). To continue please exclude the status code or the length

2025-03-04 15:46:10,686 - INFO - Running Nikto scan
2025-03-04 15:46:10,687 - INFO - Running Nikto scan on https://tbbox.me/
2025-03-04 15:46:11,076 - WARNING - Failed to read Nikto output: Expecting value: line 1 column 1 (char 0)
2025-03-04 15:46:11,076 - INFO - Running Nmap scan
2025-03-04 15:46:34,075 - INFO - Vulnerability scan completed successfully
2025-07-09 21:03:27,707 - WARNING - Not Found: /
2025-07-09 21:04:39,206 - WARNING - Not Found: /favicon.ico
2025-07-09 21:05:00,491 - WARNING - Invalid request method for /scan_ports/
2025-07-09 21:05:00,492 - WARNING - Method Not Allowed: /api/nmap/scan/
2025-07-10 17:01:48,646 - INFO - Starting vulnerability scan for https://takeuforward.org/strivers-a2z-dsa-course/strivers-a2z-dsa-course-sheet-2
2025-07-10 17:01:48,647 - INFO - Running Gobuster for https://takeuforward.org/strivers-a2z-dsa-course/strivers-a2z-dsa-course-sheet-2
2025-07-10 17:01:48,999 - ERROR - Gobuster scan failed: Error: the server returns a status code that matches the provided options for non existing urls. https://takeuforward.org/strivers-a2z-dsa-course/strivers-a2z-dsa-course-sheet-2/ab7263df-1a11-4f0b-88c5-3e8a5a04553c => 200 (Length: 3100). To continue please exclude the status code or the length

2025-07-10 17:01:48,999 - INFO - Running Nikto scan
2025-07-10 17:01:49,000 - INFO - Running Nikto scan on https://takeuforward.org/strivers-a2z-dsa-course/strivers-a2z-dsa-course-sheet-2
2025-07-10 17:01:49,073 - WARNING - Failed to read Nikto output: Expecting value: line 1 column 1 (char 0)
2025-07-10 17:01:49,073 - INFO - Running Nmap scan
2025-07-10 17:02:04,297 - INFO - Vulnerability scan completed successfully
2025-07-10 17:07:32,597 - WARNING - Not Found: /api/auth/user
2025-07-10 17:07:32,606 - WARNING - Not Found: /api/auth/user
2025-07-10 17:07:32,612 - WARNING - Not Found: /api/auth/user
2025-07-10 17:07:32,643 - WARNING - Not Found: /api/auth/user
2025-07-10 17:07:32,648 - WARNING - Not Found: /api/auth/user
2025-07-10 17:07:32,652 - WARNING - Not Found: /api/auth/user
2025-07-10 17:13:01,559 - WARNING - Not Found: /api/auth/github
2025-07-10 17:13:02,453 - WARNING - Not Found: /favicon.ico
2025-07-11 17:20:32,971 - INFO - Starting vulnerability scan for https://github.com/0PrashantYadav0/nexum-frontend
2025-07-11 17:20:32,972 - INFO - Running Gobuster for https://github.com/0PrashantYadav0/nexum-frontend
2025-07-11 17:21:40,116 - INFO - Running Nikto scan
2025-07-11 17:21:40,117 - INFO - Running Nikto scan on https://github.com/0PrashantYadav0/nexum-frontend
2025-07-11 17:21:40,195 - WARNING - Failed to read Nikto output: Expecting value: line 1 column 1 (char 0)
2025-07-11 17:21:40,195 - INFO - Running Nmap scan
2025-07-11 17:21:40,953 - INFO - Vulnerability scan completed successfully
2025-07-11 17:29:01,879 - INFO - Starting vulnerability scan for https://nexum-frontend.vercel.app
2025-07-11 17:29:01,881 - INFO - Running Gobuster for https://nexum-frontend.vercel.app
2025-07-11 17:30:15,935 - INFO - Running Nikto scan
2025-07-11 17:30:15,937 - INFO - Running Nikto scan on https://nexum-frontend.vercel.app
2025-07-11 17:30:15,989 - WARNING - Failed to read Nikto output: Expecting value: line 1 column 1 (char 0)
2025-07-11 17:30:15,989 - INFO - Running Nmap scan
2025-07-11 17:32:12,843 - INFO - Vulnerability scan completed successfully
2025-07-11 17:53:05,831 - INFO - Starting vulnerability scan for https://takeuforward.org/
2025-07-11 17:53:05,832 - INFO - Running Gobuster for https://takeuforward.org/
2025-07-11 17:53:06,406 - ERROR - Gobuster scan failed: Error: the server returns a status code that matches the provided options for non existing urls. https://takeuforward.org/dfc3b044-c699-47e2-80c1-b9898895d1d2 => 200 (Length: 3100). To continue please exclude the status code or the length

2025-07-11 17:53:06,407 - INFO - Running Nikto scan
2025-07-11 17:53:06,407 - INFO - Running Nikto scan on https://takeuforward.org/
2025-07-11 17:55:21,189 - INFO - Running Nmap scan
2025-07-11 17:55:38,358 - INFO - Vulnerability scan completed successfully
2025-07-12 17:25:36,520 - INFO - Starting vulnerability scan for https://takeuforward.org/
2025-07-12 17:25:36,524 - INFO - Running Gobuster for https://takeuforward.org/
2025-07-12 17:25:36,867 - ERROR - Gobuster scan failed: Error: the server returns a status code that matches the provided options for non existing urls. https://takeuforward.org/feb7164d-89e7-407b-bc88-497fb71b7caf => 200 (Length: 3100). To continue please exclude the status code or the length

2025-07-12 17:25:36,868 - INFO - Vulnerability scan completed successfully
2025-07-12 17:25:36,873 - INFO - Starting Nmap scan: target=https://takeuforward.org/, arguments=-F
2025-07-12 17:25:36,911 - INFO - Scan completed for https://takeuforward.org/
2025-07-12 17:31:31,050 - INFO - /app/ZeroVuln/views.py changed, reloading.
2025-07-12 17:31:40,509 - INFO - /app/ZeroVuln/views.py changed, reloading.
2025-07-12 17:31:51,909 - INFO - /app/ZeroVuln/views.py changed, reloading.
2025-07-12 17:32:46,167 - INFO - Starting vulnerability scan for https://takeuforward.org/
2025-07-12 17:32:46,169 - INFO - Running Gobuster for https://takeuforward.org/
2025-07-12 17:32:46,441 - ERROR - Gobuster scan failed: Error: the server returns a status code that matches the provided options for non existing urls. https://takeuforward.org/c154a6c3-8a05-478a-b806-0465b83f6e89 => 200 (Length: 3100). To continue please exclude the status code or the length

2025-07-12 17:32:46,442 - INFO - Vulnerability scan completed successfully
2025-07-12 17:32:46,447 - INFO - Starting Nmap scan: original_target=https://takeuforward.org/, hostname=takeuforward.org, arguments=-F
2025-07-12 17:32:48,458 - INFO - Scan completed for https://takeuforward.org/
2025-07-12 17:35:15,409 - INFO - /app/ZeroVuln/views.py changed, reloading.
2025-07-12 17:37:35,233 - INFO - /app/ZeroVuln/views.py changed, reloading.
2025-07-12 17:37:42,720 - INFO - /app/ZeroVuln/views.py changed, reloading.
2025-07-12 17:37:57,131 - INFO - /app/ZeroVuln/urls.py changed, reloading.
2025-07-12 17:40:59,231 - INFO - Starting vulnerability scan for https://takeuforward.org/
2025-07-12 17:40:59,232 - INFO - Running Gobuster for https://takeuforward.org/
2025-07-12 17:40:59,643 - ERROR - Gobuster scan failed: Error: the server returns a status code that matches the provided options for non existing urls. https://takeuforward.org/87a3388c-731b-407e-af53-8d3e9fb28ecf => 200 (Length: 3100). To continue please exclude the status code or the length

2025-07-12 17:40:59,643 - INFO - Vulnerability scan completed successfully
2025-07-12 17:40:59,651 - INFO - Starting Nmap scan: original_target=https://takeuforward.org/, hostname=takeuforward.org, arguments=-F
2025-07-12 17:41:01,829 - INFO - Scan completed for https://takeuforward.org/
2025-07-12 17:41:01,835 - INFO - Starting SQLMap scan: target=https://takeuforward.org/, arguments=--batch --random-agent
2025-07-12 17:41:01,836 - INFO - SQLMap scan completed for https://takeuforward.org/
2025-07-12 17:42:03,065 - INFO - /app/ZeroVuln/urls.py changed, reloading.
2025-07-12 17:44:12,809 - INFO - /app/ZeroVuln/views.py changed, reloading.
2025-07-12 17:44:45,416 - INFO - /app/ZeroVuln/views.py changed, reloading.
2025-07-12 17:45:22,081 - INFO - Starting vulnerability scan for https://takeuforward.org/
2025-07-12 17:45:22,085 - INFO - Running Gobuster for https://takeuforward.org/
2025-07-12 17:45:22,337 - ERROR - Gobuster scan failed: Error: the server returns a status code that matches the provided options for non existing urls. https://takeuforward.org/b65d1703-9645-4e79-8807-104ec1e4f321 => 200 (Length: 3100). To continue please exclude the status code or the length

2025-07-12 17:45:22,337 - INFO - Vulnerability scan completed successfully
2025-07-12 17:45:22,340 - INFO - Starting Nmap scan: original_target=https://takeuforward.org/, hostname=takeuforward.org, arguments=-F
2025-07-12 17:45:24,304 - INFO - Scan completed for https://takeuforward.org/
2025-07-12 17:45:24,311 - INFO - Starting SQLMap scan: target=https://takeuforward.org/, arguments=--batch --random-agent
2025-07-12 17:45:24,311 - INFO - Running SQLMap command: python3 /opt/sqlmap/sqlmap.py --url https://takeuforward.org/ --batch --random-agent --text-only --output-dir /tmp --timeout 30 --threads 1 --level 1 --risk 1
2025-07-12 17:45:25,547 - INFO - SQLMap scan completed for https://takeuforward.org/
2025-07-12 17:47:00,278 - INFO - /app/ZeroVuln/views.py changed, reloading.
2025-07-12 17:58:45,891 - INFO - Starting vulnerability scan for https://takeuforward.org/
2025-07-12 17:58:45,892 - INFO - Running Gobuster for https://takeuforward.org/
2025-07-12 17:58:46,180 - ERROR - Gobuster scan failed: Error: the server returns a status code that matches the provided options for non existing urls. https://takeuforward.org/5c4f3b86-d327-4c73-b6ae-a1712b757cfd => 200 (Length: 3100). To continue please exclude the status code or the length

2025-07-12 17:58:46,180 - INFO - Vulnerability scan completed successfully
2025-07-12 17:58:46,186 - INFO - Starting Nmap scan: original_target=https://takeuforward.org/, hostname=takeuforward.org, arguments=-F
2025-07-12 17:58:48,260 - INFO - Scan completed for https://takeuforward.org/
2025-07-12 17:58:48,269 - INFO - Starting SQLMap scan: target=https://takeuforward.org/, arguments=--batch --random-agent
2025-07-12 17:58:48,270 - INFO - Running SQLMap command: python3 /opt/sqlmap/sqlmap.py --url https://takeuforward.org/ --batch --random-agent --text-only --output-dir /tmp --timeout 30 --threads 1 --level 1 --risk 1
2025-07-12 17:58:49,433 - INFO - SQLMap scan completed for https://takeuforward.org/
2025-07-12 18:51:42,716 - INFO - Starting vulnerability scan for https://takeuforward.org/
2025-07-12 18:51:42,717 - INFO - Running Gobuster for https://takeuforward.org/
2025-07-12 18:51:43,009 - ERROR - Gobuster scan failed: Error: the server returns a status code that matches the provided options for non existing urls. https://takeuforward.org/23347a20-9430-4c16-9228-0860cfe2e9b1 => 200 (Length: 3100). To continue please exclude the status code or the length

2025-07-12 18:51:43,010 - INFO - Vulnerability scan completed successfully
2025-07-12 18:51:43,015 - INFO - Starting Nmap scan: original_target=https://takeuforward.org/, hostname=takeuforward.org, arguments=-F
2025-07-12 18:51:45,029 - INFO - Scan completed for https://takeuforward.org/
2025-07-12 18:51:45,036 - INFO - Starting SQLMap scan: target=https://takeuforward.org/, arguments=--batch --random-agent
2025-07-12 18:51:45,037 - INFO - Running SQLMap command: python3 /opt/sqlmap/sqlmap.py --url https://takeuforward.org/ --batch --random-agent --text-only --output-dir /tmp --timeout 30 --threads 1 --level 1 --risk 1
2025-07-12 18:51:46,283 - INFO - SQLMap scan completed for https://takeuforward.org/
2025-07-12 18:51:46,287 - INFO - Starting WPScan: target=https://takeuforward.org/, arguments=--random-user-agent
2025-07-12 18:51:46,287 - INFO - Running WPScan command: wpscan --url https://takeuforward.org/ --random-user-agent --disable-tls-checks --format json --no-banner --max-threads 1 --request-timeout 30 --connect-timeout 10
2025-07-12 18:51:49,945 - INFO - WPScan completed for https://takeuforward.org/
2025-07-12 18:59:02,230 - INFO - Starting vulnerability scan for https://takeuforward.org/
2025-07-12 18:59:02,232 - INFO - Running Gobuster for https://takeuforward.org/
2025-07-12 18:59:02,517 - ERROR - Gobuster scan failed: Error: the server returns a status code that matches the provided options for non existing urls. https://takeuforward.org/2c7eabdc-bf46-48c0-a234-1049b692a037 => 200 (Length: 3100). To continue please exclude the status code or the length

2025-07-12 18:59:02,518 - INFO - Vulnerability scan completed successfully
2025-07-12 18:59:02,523 - INFO - Starting Nmap scan: original_target=https://takeuforward.org/, hostname=takeuforward.org, arguments=-F
2025-07-12 18:59:04,444 - INFO - Scan completed for https://takeuforward.org/
2025-07-12 18:59:04,450 - INFO - Starting SQLMap scan: target=https://takeuforward.org/, arguments=--batch --random-agent
2025-07-12 18:59:04,451 - INFO - Running SQLMap command: python3 /opt/sqlmap/sqlmap.py --url https://takeuforward.org/ --batch --random-agent --text-only --output-dir /tmp --timeout 30 --threads 1 --level 1 --risk 1
2025-07-12 18:59:05,603 - INFO - SQLMap scan completed for https://takeuforward.org/
2025-07-12 18:59:05,609 - INFO - Starting WPScan: target=https://takeuforward.org/, arguments=--random-user-agent
2025-07-12 18:59:05,609 - INFO - Running WPScan command: wpscan --url https://takeuforward.org/ --random-user-agent --disable-tls-checks --format json --no-banner --max-threads 1 --request-timeout 30 --connect-timeout 10
2025-07-12 18:59:06,723 - INFO - WPScan completed for https://takeuforward.org/
2025-07-12 19:05:17,653 - INFO - Starting vulnerability scan for https://takeuforward.org/
2025-07-12 19:05:17,655 - INFO - Running Gobuster for https://takeuforward.org/
2025-07-12 19:05:17,994 - ERROR - Gobuster scan failed: Error: the server returns a status code that matches the provided options for non existing urls. https://takeuforward.org/b8a8cdc8-72b5-486b-8646-58b5ea0cbe0b => 200 (Length: 3100). To continue please exclude the status code or the length

2025-07-12 19:05:17,994 - INFO - Vulnerability scan completed successfully
2025-07-12 19:05:18,000 - INFO - Starting Nmap scan: original_target=https://takeuforward.org/, hostname=takeuforward.org, arguments=-F
2025-07-12 19:05:19,974 - INFO - Scan completed for https://takeuforward.org/
2025-07-12 19:05:19,981 - INFO - Starting SQLMap scan: target=https://takeuforward.org/, arguments=--batch --random-agent
2025-07-12 19:05:19,981 - INFO - Running SQLMap command: python3 /opt/sqlmap/sqlmap.py --url https://takeuforward.org/ --batch --random-agent --text-only --output-dir /tmp --timeout 30 --threads 1 --level 1 --risk 1
2025-07-12 19:05:21,146 - INFO - SQLMap scan completed for https://takeuforward.org/
2025-07-12 19:05:21,151 - INFO - Starting WPScan: target=https://takeuforward.org/, arguments=--random-user-agent
2025-07-12 19:05:21,151 - INFO - Running WPScan command: wpscan --url https://takeuforward.org/ --random-user-agent --disable-tls-checks --format json --no-banner --max-threads 1 --request-timeout 30 --connect-timeout 10
2025-07-12 19:05:22,169 - INFO - WPScan completed for https://takeuforward.org/
2025-07-13 16:33:24,437 - WARNING - Not Found: /
2025-07-13 16:33:24,593 - WARNING - Not Found: /favicon.ico
2025-07-14 04:42:23,250 - WARNING - Not Found: /
2025-07-14 04:42:23,549 - WARNING - Not Found: /favicon.ico
2025-07-14 04:42:44,597 - INFO - Starting vulnerability scan for https://personallm.vercel.app/
2025-07-14 04:42:44,598 - INFO - Running Gobuster for https://personallm.vercel.app/
2025-07-14 04:43:04,570 - INFO - Vulnerability scan completed successfully
2025-07-14 04:43:04,578 - INFO - Starting Nmap scan: original_target=https://personallm.vercel.app/, hostname=personallm.vercel.app, arguments=-F
2025-07-14 04:43:07,181 - INFO - Scan completed for https://personallm.vercel.app/
2025-07-14 04:43:07,185 - INFO - Starting SQLMap scan: target=https://personallm.vercel.app/, arguments=--batch --random-agent
2025-07-14 04:43:07,185 - INFO - Running SQLMap command: python3 /opt/sqlmap/sqlmap.py --url https://personallm.vercel.app/ --batch --random-agent --text-only --output-dir /tmp --timeout 30 --threads 1 --level 1 --risk 1
2025-07-14 04:43:10,510 - INFO - SQLMap scan completed for https://personallm.vercel.app/
2025-07-14 04:43:10,515 - INFO - Starting WPScan: target=https://personallm.vercel.app/, arguments=--random-user-agent
2025-07-14 04:43:10,515 - INFO - Running WPScan command: wpscan --url https://personallm.vercel.app/ --random-user-agent --disable-tls-checks --format json --no-banner --max-threads 1 --request-timeout 30 --connect-timeout 10
2025-07-14 04:43:16,345 - INFO - WPScan completed for https://personallm.vercel.app/
2025-07-14 04:46:32,220 - INFO - Starting vulnerability scan for https://personallm.vercel.app/
2025-07-14 04:46:32,221 - INFO - Running Gobuster for https://personallm.vercel.app/
2025-07-14 04:46:32,481 - ERROR - Gobuster scan failed: Error: the server returns a status code that matches the provided options for non existing urls. https://personallm.vercel.app/2782dadd-889a-437e-ba45-6fa2f121613e => 403 (Length: 34296). To continue please exclude the status code or the length

2025-07-14 04:46:32,481 - INFO - Vulnerability scan completed successfully
2025-07-14 04:46:32,491 - INFO - Starting Nmap scan: original_target=https://personallm.vercel.app/, hostname=personallm.vercel.app, arguments=-F
2025-07-14 04:46:35,170 - INFO - Scan completed for https://personallm.vercel.app/
2025-07-14 04:46:35,175 - INFO - Starting SQLMap scan: target=https://personallm.vercel.app/, arguments=--batch --random-agent
2025-07-14 04:46:35,175 - INFO - Running SQLMap command: python3 /opt/sqlmap/sqlmap.py --url https://personallm.vercel.app/ --batch --random-agent --text-only --output-dir /tmp --timeout 30 --threads 1 --level 1 --risk 1
2025-07-14 04:46:37,899 - INFO - SQLMap scan completed for https://personallm.vercel.app/
2025-07-14 04:46:37,907 - INFO - Starting WPScan: target=https://personallm.vercel.app/, arguments=--random-user-agent
2025-07-14 04:46:37,907 - INFO - Running WPScan command: wpscan --url https://personallm.vercel.app/ --random-user-agent --disable-tls-checks --format json --no-banner --max-threads 1 --request-timeout 30 --connect-timeout 10
2025-07-14 04:46:39,129 - INFO - WPScan completed for https://personallm.vercel.app/
2025-07-14 04:49:15,064 - INFO - Starting vulnerability scan for https://personallm.vercel.app/
2025-07-14 04:49:15,065 - INFO - Running Gobuster for https://personallm.vercel.app/
2025-07-14 04:49:15,256 - ERROR - Gobuster scan failed: Error: the server returns a status code that matches the provided options for non existing urls. https://personallm.vercel.app/ab2da08f-b6f9-43ae-9898-3f0bf67d05b3 => 403 (Length: 34286). To continue please exclude the status code or the length

2025-07-14 04:49:15,257 - INFO - Vulnerability scan completed successfully
2025-07-14 04:49:15,265 - INFO - Starting Nmap scan: original_target=https://personallm.vercel.app/, hostname=personallm.vercel.app, arguments=-F
2025-07-14 04:49:17,558 - INFO - Scan completed for https://personallm.vercel.app/
2025-07-14 04:49:17,562 - INFO - Starting SQLMap scan: target=https://personallm.vercel.app/, arguments=--batch --random-agent
2025-07-14 04:49:17,562 - INFO - Running SQLMap command: python3 /opt/sqlmap/sqlmap.py --url https://personallm.vercel.app/ --batch --random-agent --text-only --output-dir /tmp --timeout 30 --threads 1 --level 1 --risk 1
2025-07-14 04:49:20,423 - INFO - SQLMap scan completed for https://personallm.vercel.app/
2025-07-14 04:49:20,426 - INFO - Starting WPScan: target=https://personallm.vercel.app/, arguments=--random-user-agent
2025-07-14 04:49:20,426 - INFO - Running WPScan command: wpscan --url https://personallm.vercel.app/ --random-user-agent --disable-tls-checks --format json --no-banner --max-threads 1 --request-timeout 30 --connect-timeout 10
2025-07-14 04:49:21,850 - INFO - WPScan completed for https://personallm.vercel.app/
2025-07-14 04:50:03,274 - INFO - Starting vulnerability scan for https://personallm.vercel.app/
2025-07-14 04:50:03,275 - INFO - Running Gobuster for https://personallm.vercel.app/
2025-07-14 04:50:03,501 - ERROR - Gobuster scan failed: Error: the server returns a status code that matches the provided options for non existing urls. https://personallm.vercel.app/cbba0329-f482-4e4c-8845-92444ea8fb3d => 403 (Length: 34285). To continue please exclude the status code or the length

2025-07-14 04:50:03,502 - INFO - Vulnerability scan completed successfully
2025-07-14 04:50:03,511 - INFO - Starting Nmap scan: original_target=https://personallm.vercel.app/, hostname=personallm.vercel.app, arguments=-F
2025-07-14 04:50:06,013 - INFO - Scan completed for https://personallm.vercel.app/
2025-07-14 04:50:06,017 - INFO - Starting SQLMap scan: target=https://personallm.vercel.app/, arguments=--batch --random-agent
2025-07-14 04:50:06,018 - INFO - Running SQLMap command: python3 /opt/sqlmap/sqlmap.py --url https://personallm.vercel.app/ --batch --random-agent --text-only --output-dir /tmp --timeout 30 --threads 1 --level 1 --risk 1
2025-07-14 04:50:08,940 - INFO - SQLMap scan completed for https://personallm.vercel.app/
2025-07-14 04:50:08,944 - INFO - Starting WPScan: target=https://personallm.vercel.app/, arguments=--random-user-agent
2025-07-14 04:50:08,944 - INFO - Running WPScan command: wpscan --url https://personallm.vercel.app/ --random-user-agent --disable-tls-checks --format json --no-banner --max-threads 1 --request-timeout 30 --connect-timeout 10
2025-07-14 04:50:10,411 - INFO - WPScan completed for https://personallm.vercel.app/
2025-07-14 04:54:03,006 - INFO - Starting vulnerability scan for https://personallm.vercel.app/
2025-07-14 04:54:03,006 - INFO - Running Gobuster for https://personallm.vercel.app/
2025-07-14 04:54:03,214 - ERROR - Gobuster scan failed: Error: the server returns a status code that matches the provided options for non existing urls. https://personallm.vercel.app/22981912-fffb-4c4d-bbec-02e85ba39c49 => 403 (Length: 34287). To continue please exclude the status code or the length

2025-07-14 04:54:03,215 - INFO - Vulnerability scan completed successfully
2025-07-14 04:54:03,226 - INFO - Starting Nmap scan: original_target=https://personallm.vercel.app/, hostname=personallm.vercel.app, arguments=-F
2025-07-14 04:54:06,515 - INFO - Scan completed for https://personallm.vercel.app/
2025-07-14 04:54:06,525 - INFO - Starting SQLMap scan: target=https://personallm.vercel.app/, arguments=--batch --random-agent
2025-07-14 04:54:06,525 - INFO - Running SQLMap command: python3 /opt/sqlmap/sqlmap.py --url https://personallm.vercel.app/ --batch --random-agent --text-only --output-dir /tmp --timeout 30 --threads 1 --level 1 --risk 1
2025-07-14 04:54:08,554 - INFO - SQLMap scan completed for https://personallm.vercel.app/
2025-07-14 04:54:08,558 - INFO - Starting WPScan: target=https://personallm.vercel.app/, arguments=--random-user-agent
2025-07-14 04:54:08,558 - INFO - Running WPScan command: wpscan --url https://personallm.vercel.app/ --random-user-agent --disable-tls-checks --format json --no-banner --max-threads 1 --request-timeout 30 --connect-timeout 10
2025-07-14 04:54:10,261 - INFO - WPScan completed for https://personallm.vercel.app/
2025-07-14 05:03:40,033 - INFO - Starting vulnerability scan for https://personallm.vercel.app/
2025-07-14 05:03:40,034 - INFO - Running Gobuster for https://personallm.vercel.app/
2025-07-14 05:03:44,934 - INFO - Vulnerability scan completed successfully
2025-07-14 05:03:44,944 - INFO - Starting Nmap scan: original_target=https://personallm.vercel.app/, hostname=personallm.vercel.app, arguments=-F
2025-07-14 05:03:46,981 - INFO - Scan completed for https://personallm.vercel.app/
2025-07-14 05:03:46,987 - INFO - Starting SQLMap scan: target=https://personallm.vercel.app/, arguments=--batch --random-agent
2025-07-14 05:03:46,988 - INFO - Running SQLMap command: python3 /opt/sqlmap/sqlmap.py --url https://personallm.vercel.app/ --batch --random-agent --text-only --output-dir /tmp --timeout 30 --threads 1 --level 1 --risk 1
2025-07-14 05:03:49,661 - INFO - SQLMap scan completed for https://personallm.vercel.app/
2025-07-14 05:03:49,668 - INFO - Starting WPScan: target=https://personallm.vercel.app/, arguments=--random-user-agent
2025-07-14 05:03:49,668 - INFO - Running WPScan command: wpscan --url https://personallm.vercel.app/ --random-user-agent --disable-tls-checks --format json --no-banner --max-threads 1 --request-timeout 30 --connect-timeout 10
2025-07-14 05:03:50,744 - INFO - WPScan completed for https://personallm.vercel.app/
2025-07-14 05:09:54,337 - INFO - Starting vulnerability scan for https://personallm.vercel.app/
2025-07-14 05:09:54,338 - INFO - Running Gobuster for https://personallm.vercel.app/
2025-07-14 05:09:54,539 - ERROR - Gobuster scan failed: Error: the server returns a status code that matches the provided options for non existing urls. https://personallm.vercel.app/3cdafaa6-bc2f-4ef6-b07a-3ad32297cab3 => 403 (Length: 34277). To continue please exclude the status code or the length

2025-07-14 05:09:54,540 - INFO - Vulnerability scan completed successfully
2025-07-14 05:09:54,550 - INFO - Starting Nmap scan: original_target=https://personallm.vercel.app/, hostname=personallm.vercel.app, arguments=-F
2025-07-14 05:09:57,048 - INFO - Scan completed for https://personallm.vercel.app/
2025-07-14 05:09:57,062 - INFO - Starting SQLMap scan: target=https://personallm.vercel.app/, arguments=--batch --random-agent
2025-07-14 05:09:57,064 - INFO - Running SQLMap command: python3 /opt/sqlmap/sqlmap.py --url https://personallm.vercel.app/ --batch --random-agent --text-only --output-dir /tmp --timeout 30 --threads 1 --level 1 --risk 1
2025-07-14 05:10:00,917 - INFO - SQLMap scan completed for https://personallm.vercel.app/
2025-07-14 05:10:00,922 - INFO - Starting WPScan: target=https://personallm.vercel.app/, arguments=--random-user-agent
2025-07-14 05:10:00,922 - INFO - Running WPScan command: wpscan --url https://personallm.vercel.app/ --random-user-agent --disable-tls-checks --format json --no-banner --max-threads 1 --request-timeout 30 --connect-timeout 10
2025-07-14 05:10:02,461 - INFO - WPScan completed for https://personallm.vercel.app/
2025-07-14 05:33:01,197 - INFO - Starting vulnerability scan for https://personallm.vercel.app/
2025-07-14 05:33:01,198 - INFO - Running Gobuster for https://personallm.vercel.app/
2025-07-14 05:33:03,850 - INFO - Starting vulnerability scan for https://personallm.vercel.app/
2025-07-14 05:33:03,850 - INFO - Running Gobuster for https://personallm.vercel.app/
2025-07-14 05:33:55,211 - INFO - Vulnerability scan completed successfully
2025-07-14 05:33:55,221 - INFO - Starting Nmap scan: original_target=https://personallm.vercel.app/, hostname=personallm.vercel.app, arguments=-F
2025-07-14 05:33:59,206 - INFO - Scan completed for https://personallm.vercel.app/
2025-07-14 05:33:59,211 - INFO - Starting SQLMap scan: target=https://personallm.vercel.app/, arguments=--batch --random-agent
2025-07-14 05:33:59,211 - INFO - Running SQLMap command: python3 /opt/sqlmap/sqlmap.py --url https://personallm.vercel.app/ --batch --random-agent --text-only --output-dir /tmp --timeout 30 --threads 1 --level 1 --risk 1
2025-07-14 05:34:02,533 - INFO - SQLMap scan completed for https://personallm.vercel.app/
2025-07-14 05:34:02,537 - INFO - Starting WPScan: target=https://personallm.vercel.app/, arguments=--random-user-agent
2025-07-14 05:34:02,537 - INFO - Running WPScan command: wpscan --url https://personallm.vercel.app/ --random-user-agent --disable-tls-checks --format json --no-banner --max-threads 1 --request-timeout 30 --connect-timeout 10
2025-07-14 05:34:03,741 - INFO - WPScan completed for https://personallm.vercel.app/
2025-07-14 05:34:13,526 - INFO - Vulnerability scan completed successfully
2025-07-14 05:34:13,539 - INFO - Starting Nmap scan: original_target=https://personallm.vercel.app/, hostname=personallm.vercel.app, arguments=-F
2025-07-14 05:34:16,222 - INFO - Scan completed for https://personallm.vercel.app/
2025-07-14 05:34:16,232 - INFO - Starting SQLMap scan: target=https://personallm.vercel.app/, arguments=--batch --random-agent
2025-07-14 05:34:16,234 - INFO - Running SQLMap command: python3 /opt/sqlmap/sqlmap.py --url https://personallm.vercel.app/ --batch --random-agent --text-only --output-dir /tmp --timeout 30 --threads 1 --level 1 --risk 1
2025-07-14 05:34:19,053 - INFO - SQLMap scan completed for https://personallm.vercel.app/
2025-07-14 05:34:19,056 - INFO - Starting WPScan: target=https://personallm.vercel.app/, arguments=--random-user-agent
2025-07-14 05:34:19,056 - INFO - Running WPScan command: wpscan --url https://personallm.vercel.app/ --random-user-agent --disable-tls-checks --format json --no-banner --max-threads 1 --request-timeout 30 --connect-timeout 10
2025-07-14 05:34:20,604 - INFO - WPScan completed for https://personallm.vercel.app/
2025-07-14 05:36:15,993 - INFO - Starting vulnerability scan for https://personallm.vercel.app/
2025-07-14 05:36:15,993 - INFO - Running Gobuster for https://personallm.vercel.app/
2025-07-14 05:36:16,170 - ERROR - Gobuster scan failed: Error: the server returns a status code that matches the provided options for non existing urls. https://personallm.vercel.app/85bfad05-a046-4e0b-8a33-6cbf9cf1f7ca => 403 (Length: 34293). To continue please exclude the status code or the length

2025-07-14 05:36:16,171 - INFO - Vulnerability scan completed successfully
2025-07-14 05:36:16,178 - INFO - Starting Nmap scan: original_target=https://personallm.vercel.app/, hostname=personallm.vercel.app, arguments=-F
2025-07-14 05:36:18,411 - INFO - Scan completed for https://personallm.vercel.app/
2025-07-14 05:36:18,420 - INFO - Starting SQLMap scan: target=https://personallm.vercel.app/, arguments=--batch --random-agent
2025-07-14 05:36:18,421 - INFO - Running SQLMap command: python3 /opt/sqlmap/sqlmap.py --url https://personallm.vercel.app/ --batch --random-agent --text-only --output-dir /tmp --timeout 30 --threads 1 --level 1 --risk 1
2025-07-14 05:36:21,660 - INFO - SQLMap scan completed for https://personallm.vercel.app/
2025-07-14 05:36:21,668 - INFO - Starting WPScan: target=https://personallm.vercel.app/, arguments=--random-user-agent
2025-07-14 05:36:21,669 - INFO - Running WPScan command: wpscan --url https://personallm.vercel.app/ --random-user-agent --disable-tls-checks --format json --no-banner --max-threads 1 --request-timeout 30 --connect-timeout 10
2025-07-14 05:36:23,292 - INFO - WPScan completed for https://personallm.vercel.app/
